<?xml version="1.0" encoding="UTF-8"?>
<testsuite xmlns:xsi="http://www.w3.org/2001/XMLSchema-instance" xsi:noNamespaceSchemaLocation="https://maven.apache.org/surefire/maven-surefire-plugin/xsd/surefire-test-report.xsd" name="project.TestNGTest" time="38.528" tests="11" errors="0" skipped="9" failures="2">
  <properties>
[...]
</properties>
  <testcase name="verifyPageTitleTest" classname="project.TestNGTest" time="0.011">
    <failure message="Cannot invoke &quot;org.openqa.selenium.WebDriver.getTitle()&quot; because &quot;this.driver&quot; is null" type="java.lang.NullPointerException">java.lang.NullPointerException: Cannot invoke "org.openqa.selenium.WebDriver.getTitle()" because "this.driver" is null
	at project.TestNGTest.verifyPageTitleTest(TestNGTest.java:37)
</failure>
    <system-err><![CDATA[SLF4J: Failed to load class "org.slf4j.impl.StaticLoggerBinder".
SLF4J: Defaulting to no-operation (NOP) logger implementation
SLF4J: See http://www.slf4j.org/codes.html#StaticLoggerBinder for further details.
Starting MSEdgeDriver 94.0.992.38 (55a0a486d5c4c1a7374dc28a7be702fee43b3b39) on port 54050
Only local connections are allowed.
Please see https://chromedriver.chromium.org/security-considerations for suggestions on keeping MSEdgeDriver safe.
MSEdgeDriver was started successfully.
[1637507926.216][WARNING]: This version of MSEdgeDriver has not been tested with MSEdge version 95.
Nov 21, 2021 8:48:46 PM org.openqa.selenium.remote.ProtocolHandshake createSession
INFO: Detected dialect: W3C
Nov 21, 2021 8:48:46 PM org.openqa.selenium.devtools.CdpVersionFinder findNearestMatch
INFO: Found exact CDP implementation for version 95
]]></system-err>
  </testcase>
  <testcase name="tearDown" classname="project.TestNGTest" time="0.012">
    <failure message="Cannot invoke &quot;org.openqa.selenium.WebDriver.quit()&quot; because &quot;this.driver&quot; is null" type="java.lang.NullPointerException">java.lang.NullPointerException: Cannot invoke "org.openqa.selenium.WebDriver.quit()" because "this.driver" is null
	at project.TestNGTest.tearDown(TestNGTest.java:161)
</failure>
  </testcase>
  <testcase name="tearDown" classname="project.TestNGTest" time="0">
    <skipped/>
  </testcase>
  <testcase name="tearDown" classname="project.TestNGTest" time="0">
    <skipped/>
  </testcase>
  <testcase name="tearDown" classname="project.TestNGTest" time="0">
    <skipped/>
  </testcase>
  <testcase name="setUp" classname="project.TestNGTest" time="0">
    <skipped/>
  </testcase>
  <testcase name="setUp" classname="project.TestNGTest" time="0">
    <skipped/>
  </testcase>
  <testcase name="setUp" classname="project.TestNGTest" time="0">
    <skipped/>
  </testcase>
  <testcase name="BookTableScriptTest" classname="project.TestNGTest" time="0">
    <skipped message="Cannot invoke &quot;org.openqa.selenium.WebDriver.quit()&quot; because &quot;this.driver&quot; is null"/>
  </testcase>
  <testcase name="FoodTrendsScriptTest" classname="project.TestNGTest" time="0">
    <skipped message="Cannot invoke &quot;org.openqa.selenium.WebDriver.quit()&quot; because &quot;this.driver&quot; is null"/>
  </testcase>
  <testcase name="PopularTakewaysScriptTest" classname="project.TestNGTest" time="0">
    <skipped message="Cannot invoke &quot;org.openqa.selenium.WebDriver.quit()&quot; because &quot;this.driver&quot; is null"/>
  </testcase>
</testsuite>